user_security_password=
LoginForm_Password=
vb_login_password=
newLoginPassword=
securityPassword=
Password_Textbox=
gallerypassword=
nutzer_password=
login_password=
login_passwort=
user_password=
user_passwort=
form_password=
form_passwort=
intCodSegreto=
logonpassword=
userpassword=
credential_1=
emagicpasswd=
machpasswort=
YaBBpassword=
cugPassword=
frmUserPass=
in_passwort=
member_PASS=
newpassword=
txtPassword=
txtPasswort=
A_Password=
horde_pass=
j_password=
l_password=
login_pass=
z_password=
upassword=
upasswort=
Loginpass=
cuserpass=
data_pass=
Apassword=
acct_pass=
iPassword=
logon_pwd=
passwortm=
secretkey=
userpass=
kennwort=
p_passwd=
passwort=
paswwort=
log_pass=
passform=
password=
userpwd=
use_pwd=
pwlogin=
passwrd=
my_pass=
inspass=
segreto=
form_pw=
webpass=
f_pass=
geckos=
hp_pwd=
login2=
passwd=
U_Pass=
apass=
p_key=
cppw=
pass=
pin=
psw=
pwd=
UPW=
pw=
ap=
up=
